13:24:35.2535  ClearLog() : Could not find a part of the path 'D:\BIG_C\BJCBCPOS_Source\BJCBCPOS-V2.03.00-Dev\BJCBCPOS_Solution\BJCBCPOS\bin\Debug\log'.
13:24:35.2834  key section = setting, name = printername
13:24:35.2854  The given key was not present in the dictionary.
   at System.Collections.Generic.Dictionary`2.get_Item(TKey key)
   at BJCBCPOS_Model.INIConfig.getValue(ConfigKey key) in D:\BIG_C\BJCBCPOS_Source\BJCBCPOS-V2.03.00-Dev\BJCBCPOS_Solution\BJCBCPOS_Model\util\INIConfig.cs:line 73

13:24:35.3233  key section = , name = redeemno
13:24:35.3253  The given key was not present in the dictionary.
   at System.Collections.Generic.Dictionary`2.get_Item(TKey key)
   at BJCBCPOS_Model.INIConfig.getValue(ConfigKey key) in D:\BIG_C\BJCBCPOS_Source\BJCBCPOS-V2.03.00-Dev\BJCBCPOS_Solution\BJCBCPOS_Model\util\INIConfig.cs:line 73

13:24:37.9400  [Change connection string] Current connection string: Provider=SQLOLEDB;Server=172.28.4.36;Database=ESTORE;User Id=BIGAPP;Password=kzyyQ1_E@2sTW;Application Name=BJCBCPOS_Till003
13:24:38.2164  Store Return DevicePrinterABB = 2 (1 = HP, 2 = Toshiba)

13:24:38.2490  Initial Hardware with BCOPOSTOSHIBA.dll
13:24:38.3140  Could not load file or assembly 'Microsoft.PointOfService, Version=1.14.1.0, Culture=neutral, PublicKeyToken=31bf3856ad364e35' or one of its dependencies. The system cannot find the file specified.
   at BCOPOSTOSHIBA.clsOPOSTOSHIBA..ctor(String Key)
   at BJCBCPOS_Model.PrinterToshiba..ctor(String key) in D:\BIG_C\BJCBCPOS_Source\BJCBCPOS-V2.03.00-Dev\BJCBCPOS_Solution\BJCBCPOS_Model\hardware\PrinterToshiba.cs:line 49

13:24:38.7685  frmMonitorCustomer is Activate.
13:24:38.7984  frmMonitorCustomerFooter is Activate.
13:24:38.8234  frmMonitor2Detail is Activate.
13:24:39.2267  frmLogin is Activate.
13:24:45.4327  Object reference not set to an instance of an object.
   at BJCBCPOS_Model.PrinterToshiba.checkCashDrawer() in D:\BIG_C\BJCBCPOS_Source\BJCBCPOS-V2.03.00-Dev\BJCBCPOS_Solution\BJCBCPOS_Model\hardware\PrinterToshiba.cs:line 75

13:24:45.4486  Object reference not set to an instance of an object.
   at BJCBCPOS_Model.PrinterToshiba.checkPrinter() in D:\BIG_C\BJCBCPOS_Source\BJCBCPOS-V2.03.00-Dev\BJCBCPOS_Solution\BJCBCPOS_Model\hardware\PrinterToshiba.cs:line 149

13:24:46.4494  frmLogin is Activate.
13:24:46.8682  frmMainMenu is Activate.
13:24:47.7159  Call afterNotify False
13:24:47.9019  Object reference not set to an instance of an object.
   at BJCBCPOS_Model.PrinterToshiba.addDrawerListeners(DrawerListener listener) in D:\BIG_C\BJCBCPOS_Source\BJCBCPOS-V2.03.00-Dev\BJCBCPOS_Solution\BJCBCPOS_Model\hardware\PrinterToshiba.cs:line 118

13:24:48.2149  frmSale is Activate.
13:24:53.3171  store procedure return error (ResponseCode = "300")
Response Message = รหัสผ่านไม่ถูกต้อง
Help Message = ป้อน Password ใหม่อีกครั้ง หรือ ติดต่อ IT Service Desk Tel.xxx-xxxx
Application Desc = pos_CheckUser#6

13:25:07.4421  frmSale is Activate.
13:26:02.4375  key section = setting, name = printername
13:26:02.4404  The given key was not present in the dictionary.
   at System.Collections.Generic.Dictionary`2.get_Item(TKey key)
   at BJCBCPOS_Model.INIConfig.getValue(ConfigKey key) in D:\BIG_C\BJCBCPOS_Source\BJCBCPOS-V2.03.00-Dev\BJCBCPOS_Solution\BJCBCPOS_Model\util\INIConfig.cs:line 73

13:26:02.4544  key section = , name = redeemno
13:26:02.4564  The given key was not present in the dictionary.
   at System.Collections.Generic.Dictionary`2.get_Item(TKey key)
   at BJCBCPOS_Model.INIConfig.getValue(ConfigKey key) in D:\BIG_C\BJCBCPOS_Source\BJCBCPOS-V2.03.00-Dev\BJCBCPOS_Solution\BJCBCPOS_Model\util\INIConfig.cs:line 73

13:26:02.7014  [Change connection string] Current connection string: Provider=SQLOLEDB;Server=172.28.4.36;Database=ESTORE;User Id=BIGAPP;Password=kzyyQ1_E@2sTW;Application Name=BJCBCPOS_Till003
13:26:02.8448  Store Return DevicePrinterABB = 2 (1 = HP, 2 = Toshiba)

13:26:02.8588  Initial Hardware with BCOPOSTOSHIBA.dll
13:26:02.8779  Could not load file or assembly 'Microsoft.PointOfService, Version=1.14.1.0, Culture=neutral, PublicKeyToken=31bf3856ad364e35' or one of its dependencies. The system cannot find the file specified.
   at BCOPOSTOSHIBA.clsOPOSTOSHIBA..ctor(String Key)
   at BJCBCPOS_Model.PrinterToshiba..ctor(String key) in D:\BIG_C\BJCBCPOS_Source\BJCBCPOS-V2.03.00-Dev\BJCBCPOS_Solution\BJCBCPOS_Model\hardware\PrinterToshiba.cs:line 49

13:26:03.3263  frmMonitorCustomer is Activate.
13:26:03.3602  frmMonitorCustomerFooter is Activate.
13:26:03.3891  frmMonitor2Detail is Activate.
13:26:03.7043  frmLogin is Activate.
13:26:10.5368  Object reference not set to an instance of an object.
   at BJCBCPOS_Model.PrinterToshiba.checkCashDrawer() in D:\BIG_C\BJCBCPOS_Source\BJCBCPOS-V2.03.00-Dev\BJCBCPOS_Solution\BJCBCPOS_Model\hardware\PrinterToshiba.cs:line 75

13:26:10.5517  Object reference not set to an instance of an object.
   at BJCBCPOS_Model.PrinterToshiba.checkPrinter() in D:\BIG_C\BJCBCPOS_Source\BJCBCPOS-V2.03.00-Dev\BJCBCPOS_Solution\BJCBCPOS_Model\hardware\PrinterToshiba.cs:line 149

13:26:11.4069  frmLogin is Activate.
13:26:11.7490  frmMainMenu is Activate.
13:26:12.3217  Call afterNotify False
13:26:12.4442  Object reference not set to an instance of an object.
   at BJCBCPOS_Model.PrinterToshiba.addDrawerListeners(DrawerListener listener) in D:\BIG_C\BJCBCPOS_Source\BJCBCPOS-V2.03.00-Dev\BJCBCPOS_Solution\BJCBCPOS_Model\hardware\PrinterToshiba.cs:line 118

13:26:12.6887  frmSale is Activate.
13:26:24.7689  frmSale is Activate.
13:26:26.1487  frmSale is Activate.
15:14:43.7081  key section = setting, name = printername
15:14:43.7361  The given key was not present in the dictionary.
   at System.Collections.Generic.Dictionary`2.get_Item(TKey key)
   at BJCBCPOS_Model.INIConfig.getValue(ConfigKey key) in D:\BIG_C\BJCBCPOS_Source\BJCBCPOS-V2.03.00-Dev\BJCBCPOS_Solution\BJCBCPOS_Model\util\INIConfig.cs:line 73

15:14:43.7500  key section = , name = redeemno
15:14:43.7521  The given key was not present in the dictionary.
   at System.Collections.Generic.Dictionary`2.get_Item(TKey key)
   at BJCBCPOS_Model.INIConfig.getValue(ConfigKey key) in D:\BIG_C\BJCBCPOS_Source\BJCBCPOS-V2.03.00-Dev\BJCBCPOS_Solution\BJCBCPOS_Model\util\INIConfig.cs:line 73

15:14:44.0938  [Change connection string] Current connection string: Provider=SQLOLEDB;Server=172.28.4.36;Database=ESTORE;User Id=BIGAPP;Password=kzyyQ1_E@2sTW;Application Name=BJCBCPOS_Till003
15:14:44.4063  Store Return DevicePrinterABB = 2 (1 = HP, 2 = Toshiba)

15:14:44.4329  Initial Hardware with BCOPOSTOSHIBA.dll
15:14:44.4895  Could not load file or assembly 'Microsoft.PointOfService, Version=1.14.1.0, Culture=neutral, PublicKeyToken=31bf3856ad364e35' or one of its dependencies. The system cannot find the file specified.
   at BCOPOSTOSHIBA.clsOPOSTOSHIBA..ctor(String Key)
   at BJCBCPOS_Model.PrinterToshiba..ctor(String key) in D:\BIG_C\BJCBCPOS_Source\BJCBCPOS-V2.03.00-Dev\BJCBCPOS_Solution\BJCBCPOS_Model\hardware\PrinterToshiba.cs:line 49

15:14:44.9706  frmMonitorCustomer is Activate.
15:14:45.0015  frmMonitorCustomerFooter is Activate.
15:14:45.0249  frmMonitor2Detail is Activate.
15:14:45.3297  frmLogin is Activate.
15:14:52.1577  Object reference not set to an instance of an object.
   at BJCBCPOS_Model.PrinterToshiba.checkPrinter() in D:\BIG_C\BJCBCPOS_Source\BJCBCPOS-V2.03.00-Dev\BJCBCPOS_Solution\BJCBCPOS_Model\hardware\PrinterToshiba.cs:line 149

15:14:52.1755  Object reference not set to an instance of an object.
   at BJCBCPOS_Model.PrinterToshiba.printTermal(DataTable data) in D:\BIG_C\BJCBCPOS_Source\BJCBCPOS-V2.03.00-Dev\BJCBCPOS_Solution\BJCBCPOS_Model\hardware\PrinterToshiba.cs:line 283

15:14:58.0634  frmLogin is Activate.
15:14:58.6370  store procedure return error (ResponseCode = "300")
Response Message = เลขที่ Login สูงสุดไม่ตรงกับข้อมูลใน .INI(Reference No.#I003000732/Parameter#I003000731)
Help Message = ติดต่อ IT Service Desk Tel.xxx-xxxx
Application Desc = pos_CheckTerminal#22

15:15:00.7676  frmLogin is Activate.
15:15:02.9561  frmLogin is Activate.
15:16:23.1997  key section = setting, name = printername
15:16:23.2017  The given key was not present in the dictionary.
   at System.Collections.Generic.Dictionary`2.get_Item(TKey key)
   at BJCBCPOS_Model.INIConfig.getValue(ConfigKey key) in D:\BIG_C\BJCBCPOS_Source\BJCBCPOS-V2.03.00-Dev\BJCBCPOS_Solution\BJCBCPOS_Model\util\INIConfig.cs:line 73

15:16:23.2160  key section = , name = redeemno
15:16:23.2180  The given key was not present in the dictionary.
   at System.Collections.Generic.Dictionary`2.get_Item(TKey key)
   at BJCBCPOS_Model.INIConfig.getValue(ConfigKey key) in D:\BIG_C\BJCBCPOS_Source\BJCBCPOS-V2.03.00-Dev\BJCBCPOS_Solution\BJCBCPOS_Model\util\INIConfig.cs:line 73

15:16:23.3643  [Change connection string] Current connection string: Provider=SQLOLEDB;Server=172.28.4.36;Database=ESTORE;User Id=BIGAPP;Password=kzyyQ1_E@2sTW;Application Name=BJCBCPOS_Till003
15:16:23.5070  Store Return DevicePrinterABB = 2 (1 = HP, 2 = Toshiba)

15:16:23.5180  Initial Hardware with BCOPOSTOSHIBA.dll
15:16:23.5583  Could not load file or assembly 'Microsoft.PointOfService, Version=1.14.1.0, Culture=neutral, PublicKeyToken=31bf3856ad364e35' or one of its dependencies. The system cannot find the file specified.
   at BCOPOSTOSHIBA.clsOPOSTOSHIBA..ctor(String Key)
   at BJCBCPOS_Model.PrinterToshiba..ctor(String key) in D:\BIG_C\BJCBCPOS_Source\BJCBCPOS-V2.03.00-Dev\BJCBCPOS_Solution\BJCBCPOS_Model\hardware\PrinterToshiba.cs:line 49

15:16:23.9197  frmMonitorCustomer is Activate.
15:16:23.9450  frmMonitorCustomerFooter is Activate.
15:16:23.9729  frmMonitor2Detail is Activate.
15:16:24.1942  frmLogin is Activate.
15:16:35.9481  Object reference not set to an instance of an object.
   at BJCBCPOS_Model.PrinterToshiba.checkCashDrawer() in D:\BIG_C\BJCBCPOS_Source\BJCBCPOS-V2.03.00-Dev\BJCBCPOS_Solution\BJCBCPOS_Model\hardware\PrinterToshiba.cs:line 75

15:16:35.9631  Object reference not set to an instance of an object.
   at BJCBCPOS_Model.PrinterToshiba.checkPrinter() in D:\BIG_C\BJCBCPOS_Source\BJCBCPOS-V2.03.00-Dev\BJCBCPOS_Solution\BJCBCPOS_Model\hardware\PrinterToshiba.cs:line 149

15:16:36.9494  frmLogin is Activate.
15:16:37.2742  frmMainMenu is Activate.
15:16:37.8403  Call afterNotify False
15:16:38.0110  Object reference not set to an instance of an object.
   at BJCBCPOS_Model.PrinterToshiba.addDrawerListeners(DrawerListener listener) in D:\BIG_C\BJCBCPOS_Source\BJCBCPOS-V2.03.00-Dev\BJCBCPOS_Solution\BJCBCPOS_Model\hardware\PrinterToshiba.cs:line 118

15:16:38.6897  frmSale is Activate.
15:16:40.0472  frmDeposit is Activate.
15:16:40.1777  Object reference not set to an instance of an object.
   at BJCBCPOS_Model.PrinterToshiba.clearDrawerListeners() in D:\BIG_C\BJCBCPOS_Source\BJCBCPOS-V2.03.00-Dev\BJCBCPOS_Solution\BJCBCPOS_Model\hardware\PrinterToshiba.cs:line 133

15:16:42.0433  frmDeposit is Activate.
15:16:43.5632  frmMainMenu is Activate.
15:16:43.5652  frmMainMenu is Activate.
15:16:45.6118  Call afterNotify False
15:16:45.7328  Object reference not set to an instance of an object.
   at BJCBCPOS_Model.PrinterToshiba.addDrawerListeners(DrawerListener listener) in D:\BIG_C\BJCBCPOS_Source\BJCBCPOS-V2.03.00-Dev\BJCBCPOS_Solution\BJCBCPOS_Model\hardware\PrinterToshiba.cs:line 113

15:16:45.8871  frmSale is Activate.
15:18:44.0620  store procedure return error (ResponseCode = "300")
Response Message = กรุณาป้อนรหัสผ่านความยาวอย่างน้อย 6 หลัก!!!
Help Message = ต้องป้อน Password ความยาว 6 หลัก
Application Desc = pos_CheckUser#1

15:18:47.6752  frmSale is Activate.
15:18:49.4449  frmMainMenu is Activate.
15:18:49.4469  frmMainMenu is Activate.
15:18:49.4489  frmMainMenu is Activate.
15:18:49.5683  Object reference not set to an instance of an object.
   at BJCBCPOS_Model.PrinterToshiba.clearDrawerListeners() in D:\BIG_C\BJCBCPOS_Source\BJCBCPOS-V2.03.00-Dev\BJCBCPOS_Solution\BJCBCPOS_Model\hardware\PrinterToshiba.cs:line 133

15:18:50.5839  frmMainMenu is Activate.
15:18:50.5859  frmMainMenu is Activate.
15:18:50.5879  frmMainMenu is Activate.
15:18:50.7927  frmLogin is Activate.
15:18:56.2773  Object reference not set to an instance of an object.
   at BJCBCPOS_Model.PrinterToshiba.checkCashDrawer() in D:\BIG_C\BJCBCPOS_Source\BJCBCPOS-V2.03.00-Dev\BJCBCPOS_Solution\BJCBCPOS_Model\hardware\PrinterToshiba.cs:line 75

15:18:56.2923  Object reference not set to an instance of an object.
   at BJCBCPOS_Model.PrinterToshiba.checkPrinter() in D:\BIG_C\BJCBCPOS_Source\BJCBCPOS-V2.03.00-Dev\BJCBCPOS_Solution\BJCBCPOS_Model\hardware\PrinterToshiba.cs:line 149

15:18:56.9045  frmLogin is Activate.
15:18:57.1365  frmMainMenu is Activate.
15:18:57.7337  Call afterNotify False
15:18:57.8780  Object reference not set to an instance of an object.
   at BJCBCPOS_Model.PrinterToshiba.addDrawerListeners(DrawerListener listener) in D:\BIG_C\BJCBCPOS_Source\BJCBCPOS-V2.03.00-Dev\BJCBCPOS_Solution\BJCBCPOS_Model\hardware\PrinterToshiba.cs:line 113

15:18:58.0361  frmSale is Activate.
15:19:02.6051  frmReceivePaymentPOD is Activate.
15:19:02.6816  Object reference not set to an instance of an object.
   at BJCBCPOS_Model.PrinterToshiba.clearDrawerListeners() in D:\BIG_C\BJCBCPOS_Source\BJCBCPOS-V2.03.00-Dev\BJCBCPOS_Solution\BJCBCPOS_Model\hardware\PrinterToshiba.cs:line 133

15:19:03.5158  frmReceivePaymentPOD is Activate.
15:19:10.3608  frmReceivePaymentPOD is Activate.
15:20:52.6303  key section = setting, name = printername
15:20:52.6333  The given key was not present in the dictionary.
   at System.Collections.Generic.Dictionary`2.get_Item(TKey key)
   at BJCBCPOS_Model.INIConfig.getValue(ConfigKey key) in D:\BIG_C\BJCBCPOS_Source\BJCBCPOS-V2.03.00-Dev\BJCBCPOS_Solution\BJCBCPOS_Model\util\INIConfig.cs:line 73

15:20:52.6585  key section = , name = redeemno
15:20:52.6604  The given key was not present in the dictionary.
   at System.Collections.Generic.Dictionary`2.get_Item(TKey key)
   at BJCBCPOS_Model.INIConfig.getValue(ConfigKey key) in D:\BIG_C\BJCBCPOS_Source\BJCBCPOS-V2.03.00-Dev\BJCBCPOS_Solution\BJCBCPOS_Model\util\INIConfig.cs:line 73

15:20:53.1350  [Change connection string] Current connection string: Provider=SQLOLEDB;Server=172.28.4.36;Database=ESTORE;User Id=BIGAPP;Password=kzyyQ1_E@2sTW;Application Name=BJCBCPOS_Till003
15:20:53.2710  Store Return DevicePrinterABB = 2 (1 = HP, 2 = Toshiba)

15:20:53.3259  Initial Hardware with BCOPOSTOSHIBA.dll
15:20:53.3455  Could not load file or assembly 'Microsoft.PointOfService, Version=1.14.1.0, Culture=neutral, PublicKeyToken=31bf3856ad364e35' or one of its dependencies. The system cannot find the file specified.
   at BCOPOSTOSHIBA.clsOPOSTOSHIBA..ctor(String Key)
   at BJCBCPOS_Model.PrinterToshiba..ctor(String key) in D:\BIG_C\BJCBCPOS_Source\BJCBCPOS-V2.03.00-Dev\BJCBCPOS_Solution\BJCBCPOS_Model\hardware\PrinterToshiba.cs:line 49

15:20:53.7918  frmMonitorCustomer is Activate.
15:20:53.8209  frmMonitorCustomerFooter is Activate.
15:20:53.8478  frmMonitor2Detail is Activate.
15:20:54.1687  frmLogin is Activate.
15:21:00.1594  Object reference not set to an instance of an object.
   at BJCBCPOS_Model.PrinterToshiba.checkCashDrawer() in D:\BIG_C\BJCBCPOS_Source\BJCBCPOS-V2.03.00-Dev\BJCBCPOS_Solution\BJCBCPOS_Model\hardware\PrinterToshiba.cs:line 75

15:21:00.1739  Object reference not set to an instance of an object.
   at BJCBCPOS_Model.PrinterToshiba.checkPrinter() in D:\BIG_C\BJCBCPOS_Source\BJCBCPOS-V2.03.00-Dev\BJCBCPOS_Solution\BJCBCPOS_Model\hardware\PrinterToshiba.cs:line 149

15:21:02.7768  frmLogin is Activate.
15:21:03.0920  frmMainMenu is Activate.
15:35:01.5175  frmMainMenu is Activate.
15:35:03.1170  frmMonitor2Detail is Activate.
15:35:04.9868  frmMonitor2Detail is Activate.
15:35:27.4088  frmMonitor2Detail is Activate.
15:39:44.4317  frmMainMenu is Activate.
15:48:02.7368  frmMainMenu is Activate.
15:48:09.4129  frmMainMenu is Activate.
15:48:10.8644  frmMainMenu is Activate.
15:48:16.3492  key section = setting, name = printername
15:48:16.3522  The given key was not present in the dictionary.
   at System.Collections.Generic.Dictionary`2.get_Item(TKey key)
   at BJCBCPOS_Model.INIConfig.getValue(ConfigKey key) in D:\BIG_C\BJCBCPOS_Source\BJCBCPOS-V2.03.00-Dev\BJCBCPOS_Solution\BJCBCPOS_Model\util\INIConfig.cs:line 73

15:48:16.3678  key section = , name = redeemno
15:48:16.3698  The given key was not present in the dictionary.
   at System.Collections.Generic.Dictionary`2.get_Item(TKey key)
   at BJCBCPOS_Model.INIConfig.getValue(ConfigKey key) in D:\BIG_C\BJCBCPOS_Source\BJCBCPOS-V2.03.00-Dev\BJCBCPOS_Solution\BJCBCPOS_Model\util\INIConfig.cs:line 73

15:48:16.5588  [Change connection string] Current connection string: Provider=SQLOLEDB;Server=172.28.4.36;Database=ESTORE;User Id=BIGAPP;Password=kzyyQ1_E@2sTW;Application Name=BJCBCPOS_Till003
15:48:16.8841  Store Return DevicePrinterABB = 2 (1 = HP, 2 = Toshiba)

15:48:16.8960  Initial Hardware with BCOPOSTOSHIBA.dll
15:48:16.9153  Could not load file or assembly 'Microsoft.PointOfService, Version=1.14.1.0, Culture=neutral, PublicKeyToken=31bf3856ad364e35' or one of its dependencies. The system cannot find the file specified.
   at BCOPOSTOSHIBA.clsOPOSTOSHIBA..ctor(String Key)
   at BJCBCPOS_Model.PrinterToshiba..ctor(String key) in D:\BIG_C\BJCBCPOS_Source\BJCBCPOS-V2.03.00-Dev\BJCBCPOS_Solution\BJCBCPOS_Model\hardware\PrinterToshiba.cs:line 49

15:48:17.3884  frmMonitorCustomer is Activate.
15:48:17.4193  frmMonitorCustomerFooter is Activate.
15:48:17.4482  frmMonitor2Detail is Activate.
15:48:17.7444  frmLogin is Activate.
15:48:37.1296  Object reference not set to an instance of an object.
   at BJCBCPOS_Model.PrinterToshiba.checkCashDrawer() in D:\BIG_C\BJCBCPOS_Source\BJCBCPOS-V2.03.00-Dev\BJCBCPOS_Solution\BJCBCPOS_Model\hardware\PrinterToshiba.cs:line 75

15:48:37.1481  Object reference not set to an instance of an object.
   at BJCBCPOS_Model.PrinterToshiba.checkPrinter() in D:\BIG_C\BJCBCPOS_Source\BJCBCPOS-V2.03.00-Dev\BJCBCPOS_Solution\BJCBCPOS_Model\hardware\PrinterToshiba.cs:line 149

15:48:38.2630  frmLogin is Activate.
15:48:38.5689  frmMainMenu is Activate.
15:48:44.5462  Call afterNotify False
15:48:44.7272  Object reference not set to an instance of an object.
   at BJCBCPOS_Model.PrinterToshiba.addDrawerListeners(DrawerListener listener) in D:\BIG_C\BJCBCPOS_Source\BJCBCPOS-V2.03.00-Dev\BJCBCPOS_Solution\BJCBCPOS_Model\hardware\PrinterToshiba.cs:line 118

15:48:45.0358  frmSale is Activate.
15:48:48.5420  frmSale is Activate.
15:48:50.9291  frmSale is Activate.
15:48:56.8310  frmSale is Activate.
15:48:59.0427  start keyProduct()
15:48:59.5985  before DisableControl();
15:48:59.6015  before Properties.Resources.multi_disable;
15:48:59.6137  after Properties.Resources.multi_disable;
15:48:59.6194  after Properties.Resources.change_disable;
15:48:59.6225  after Properties.Resources.remove_disable;
15:48:59.6294  after Properties.Resources.btn_payment_disable; ProgramConfig.flagDiscount = false;
15:48:59.6592  after saleProcess.getAmountExchangeRate keyProduct res.response.next = true
15:48:59.6671  after setFocus();
15:49:40.3318  frmSale is Activate.
15:49:45.9751  frmSale is Activate.
15:49:58.1296  before Properties.Resources.multi_disable;
15:49:58.1326  after Properties.Resources.multi_disable;
15:49:58.1346  after Properties.Resources.change_disable;
15:49:58.1375  after Properties.Resources.remove_disable;
15:49:58.7922  frmCustRedeem is Activate.
15:49:58.8650  Can not find FunctionId 121131010010001 in profileCollections.

15:49:58.8670  Can not find FunctionId 121131010010002 in profileCollections.

15:49:58.8779  frmSale is Activate.
15:49:58.9378  Can not find FunctionId 121131020010001 in profileCollections.

15:49:58.9418  Can not find FunctionId 121131020010002 in profileCollections.

15:49:58.9912  Can not find FunctionId 121131030010001 in profileCollections.

15:49:58.9942  Can not find FunctionId 121131030010002 in profileCollections.

15:49:59.4334  frmPayment_Load
15:49:59.5442  store procedure return error (ResponseCode = "300")
Response Message = N/A
Help Message = 
Application Desc = 

15:49:59.5930  after saleProcess.getAmountExchangeRate Method SummaryCashIn
15:49:59.5950  after saleProcess.getAmountExchangeRate Method SummaryCashIn res.response.next = true Start
15:49:59.5990  after saleProcess.getAmoSuntExchangeRate Method SummaryCashIn res.response.next = true End
15:51:14.3601  store procedure return error (ResponseCode = "300")
Response Message = N/A
Help Message = 
Application Desc = 

15:51:14.3852  after saleProcess.getAmountExchangeRate Method SummaryCashIn
15:51:14.3872  after saleProcess.getAmountExchangeRate Method SummaryCashIn res.response.next = true Start
15:51:14.3912  after saleProcess.getAmoSuntExchangeRate Method SummaryCashIn res.response.next = true End
15:51:14.3952  after ucTxtAmountCash.Text
15:51:14.3972  after ucTxtAmountCash.Focus
15:51:14.4062  frmPayment is Activate.
16:27:18.4874  key section = setting, name = printername
16:27:18.5295  The given key was not present in the dictionary.
   at System.Collections.Generic.Dictionary`2.get_Item(TKey key)
   at BJCBCPOS_Model.INIConfig.getValue(ConfigKey key) in D:\BIG_C\BJCBCPOS_Source\BJCBCPOS-V2.03.00-Dev\BJCBCPOS_Solution\BJCBCPOS_Model\util\INIConfig.cs:line 73

16:27:18.5468  key section = , name = redeemno
16:27:18.5488  The given key was not present in the dictionary.
   at System.Collections.Generic.Dictionary`2.get_Item(TKey key)
   at BJCBCPOS_Model.INIConfig.getValue(ConfigKey key) in D:\BIG_C\BJCBCPOS_Source\BJCBCPOS-V2.03.00-Dev\BJCBCPOS_Solution\BJCBCPOS_Model\util\INIConfig.cs:line 73

16:27:18.9500  [Change connection string] Current connection string: Provider=SQLOLEDB;Server=172.28.4.36;Database=ESTORE;User Id=BIGAPP;Password=kzyyQ1_E@2sTW;Application Name=BJCBCPOS_Till003
16:27:19.0904  Store Return DevicePrinterABB = 2 (1 = HP, 2 = Toshiba)

16:27:19.1162  Initial Hardware with BCOPOSTOSHIBA.dll
16:27:19.1732  Could not load file or assembly 'Microsoft.PointOfService, Version=1.14.1.0, Culture=neutral, PublicKeyToken=31bf3856ad364e35' or one of its dependencies. The system cannot find the file specified.
   at BCOPOSTOSHIBA.clsOPOSTOSHIBA..ctor(String Key)
   at BJCBCPOS_Model.PrinterToshiba..ctor(String key) in D:\BIG_C\BJCBCPOS_Source\BJCBCPOS-V2.03.00-Dev\BJCBCPOS_Solution\BJCBCPOS_Model\hardware\PrinterToshiba.cs:line 49

16:27:19.7188  frmMonitorCustomer is Activate.
16:27:19.7687  frmMonitorCustomerFooter is Activate.
16:27:19.7996  frmMonitor2Detail is Activate.
16:27:20.1719  frmLogin is Activate.
16:27:25.1824  Object reference not set to an instance of an object.
   at BJCBCPOS_Model.PrinterToshiba.checkCashDrawer() in D:\BIG_C\BJCBCPOS_Source\BJCBCPOS-V2.03.00-Dev\BJCBCPOS_Solution\BJCBCPOS_Model\hardware\PrinterToshiba.cs:line 75

16:27:25.1981  Object reference not set to an instance of an object.
   at BJCBCPOS_Model.PrinterToshiba.checkPrinter() in D:\BIG_C\BJCBCPOS_Source\BJCBCPOS-V2.03.00-Dev\BJCBCPOS_Solution\BJCBCPOS_Model\hardware\PrinterToshiba.cs:line 149

16:27:25.8618  frmLogin is Activate.
16:27:26.2136  frmMainMenu is Activate.
16:27:26.8075  Call afterNotify False
16:27:26.9940  Object reference not set to an instance of an object.
   at BJCBCPOS_Model.PrinterToshiba.addDrawerListeners(DrawerListener listener) in D:\BIG_C\BJCBCPOS_Source\BJCBCPOS-V2.03.00-Dev\BJCBCPOS_Solution\BJCBCPOS_Model\hardware\PrinterToshiba.cs:line 118

16:27:27.2921  frmSale is Activate.
16:27:33.8933  frmSale is Activate.
16:27:38.8579  frmSale is Activate.
16:27:39.8616  start keyProduct()
16:27:40.0598  before DisableControl();
16:27:40.0628  before Properties.Resources.multi_disable;
16:27:40.0648  after Properties.Resources.multi_disable;
16:27:40.0678  after Properties.Resources.change_disable;
16:27:40.0698  after Properties.Resources.remove_disable;
16:27:40.0808  after Properties.Resources.btn_payment_disable; ProgramConfig.flagDiscount = false;
16:27:40.1095  after saleProcess.getAmountExchangeRate keyProduct res.response.next = true
16:27:40.1185  after setFocus();
16:27:41.4642  before Properties.Resources.multi_disable;
16:27:41.4711  after Properties.Resources.multi_disable;
16:27:41.4741  after Properties.Resources.change_disable;
16:27:41.4791  after Properties.Resources.remove_disable;
16:27:42.1917  frmCustRedeem is Activate.
16:27:42.2845  Can not find FunctionId 121131010010001 in profileCollections.

16:27:42.2874  Can not find FunctionId 121131010010002 in profileCollections.

16:27:42.2994  frmSale is Activate.
16:27:42.3991  Can not find FunctionId 121131020010001 in profileCollections.

16:27:42.4011  Can not find FunctionId 121131020010002 in profileCollections.

16:27:42.5215  Can not find FunctionId 121131030010001 in profileCollections.

16:27:42.5246  Can not find FunctionId 121131030010002 in profileCollections.

16:27:43.0504  frmPayment_Load
16:27:43.1541  store procedure return error (ResponseCode = "300")
Response Message = N/A
Help Message = 
Application Desc = 

16:27:43.2046  after saleProcess.getAmountExchangeRate Method SummaryCashIn
16:27:43.2077  after saleProcess.getAmountExchangeRate Method SummaryCashIn res.response.next = true Start
16:27:43.2116  after saleProcess.getAmoSuntExchangeRate Method SummaryCashIn res.response.next = true End
16:27:47.0792  store procedure return error (ResponseCode = "300")
Response Message = N/A
Help Message = 
Application Desc = 

16:27:47.1042  after saleProcess.getAmountExchangeRate Method SummaryCashIn
16:27:47.1062  after saleProcess.getAmountExchangeRate Method SummaryCashIn res.response.next = true Start
16:27:47.1102  after saleProcess.getAmoSuntExchangeRate Method SummaryCashIn res.response.next = true End
16:27:47.1142  after ucTxtAmountCash.Text
16:27:47.1162  after ucTxtAmountCash.Focus
16:27:47.1315  frmPayment is Activate.
16:27:49.4330  frmPayment is Activate.
16:27:50.7092  after saleProcess.getAmountExchangeRate Method SummaryCashIn
16:27:50.7113  after saleProcess.getAmountExchangeRate Method SummaryCashIn res.response.next = true Start
16:27:50.7182  after saleProcess.getAmoSuntExchangeRate Method SummaryCashIn res.response.next = true End
16:27:50.7222  before saleProcess.getAmountExchangeRate enterChangebalance
16:27:50.7252  before CalBalanceDiff
16:27:50.7985  store procedure return error (ResponseCode = "300")
Response Message = N/A
Help Message = 
Application Desc = 

16:27:51.1166  Object reference not set to an instance of an object.
   at BJCBCPOS_Model.PrinterToshiba.addDrawerListeners(DrawerListener listener) in D:\BIG_C\BJCBCPOS_Source\BJCBCPOS-V2.03.00-Dev\BJCBCPOS_Solution\BJCBCPOS_Model\hardware\PrinterToshiba.cs:line 113

16:27:51.1595  store procedure return error (ResponseCode = "300")
Response Message = N/A
Help Message = 
Application Desc = 

16:27:51.1894  frmPayment is Activate.
16:27:51.8735  ABBNo from SaveSaleTrans 003000152
16:27:52.2436  Object reference not set to an instance of an object.
   at BJCBCPOS_Model.PrinterToshiba.checkPrinter() in D:\BIG_C\BJCBCPOS_Source\BJCBCPOS-V2.03.00-Dev\BJCBCPOS_Solution\BJCBCPOS_Model\hardware\PrinterToshiba.cs:line 149

16:27:52.2638  Object reference not set to an instance of an object.
   at BJCBCPOS_Model.PrinterToshiba.printTermal(DataTable data) in D:\BIG_C\BJCBCPOS_Source\BJCBCPOS-V2.03.00-Dev\BJCBCPOS_Solution\BJCBCPOS_Model\hardware\PrinterToshiba.cs:line 283

16:27:52.3362  frmConfirmPayment ProcessCashDrawerClose Hardware.isDrawerOpenFalse
16:27:52.3531  frmConfirmPayment: call method closeForm >> tranSuccess : True, chkSwClose : True, statusCloseDrawer : True, finishReceipt False
16:27:52.5750  frmCustRedeem is Activate.
16:27:52.6642  Can not find FunctionId 121285101010002 in profileCollections.

16:27:52.6662  Can not find FunctionId 121285101010002 in profileCollections.

16:27:52.8473  frmConfirmPayment: salePageState in closeFormPayment = 2
16:27:52.8643  Call afterNotify False
16:27:52.9111  Object reference not set to an instance of an object.
   at BJCBCPOS_Model.PrinterToshiba.addDrawerListeners(DrawerListener listener) in D:\BIG_C\BJCBCPOS_Source\BJCBCPOS-V2.03.00-Dev\BJCBCPOS_Solution\BJCBCPOS_Model\hardware\PrinterToshiba.cs:line 113

16:27:53.0358  before Properties.Resources.multi_disable;
16:27:53.0388  after Properties.Resources.multi_disable;
16:27:53.0418  after Properties.Resources.change_disable;
16:27:53.0448  after Properties.Resources.remove_disable;
16:27:53.0838  frmSale is Activate.
16:27:53.0868  frmSale is Activate.
16:46:07.5356  key section = setting, name = printername
16:46:07.5386  The given key was not present in the dictionary.
   at System.Collections.Generic.Dictionary`2.get_Item(TKey key)
   at BJCBCPOS_Model.INIConfig.getValue(ConfigKey key) in D:\BIG_C\BJCBCPOS_Source\BJCBCPOS-V2.03.00-Dev\BJCBCPOS_Solution\BJCBCPOS_Model\util\INIConfig.cs:line 73

16:46:07.5538  key section = , name = redeemno
16:46:07.5564  The given key was not present in the dictionary.
   at System.Collections.Generic.Dictionary`2.get_Item(TKey key)
   at BJCBCPOS_Model.INIConfig.getValue(ConfigKey key) in D:\BIG_C\BJCBCPOS_Source\BJCBCPOS-V2.03.00-Dev\BJCBCPOS_Solution\BJCBCPOS_Model\util\INIConfig.cs:line 73

16:46:07.8562  [Change connection string] Current connection string: Provider=SQLOLEDB;Server=172.28.4.36;Database=ESTORE;User Id=BIGAPP;Password=kzyyQ1_E@2sTW;Application Name=BJCBCPOS_Till003
16:46:08.0114  Store Return DevicePrinterABB = 2 (1 = HP, 2 = Toshiba)

16:46:08.0568  Initial Hardware with BCOPOSTOSHIBA.dll
16:46:08.0883  Could not load file or assembly 'Microsoft.PointOfService, Version=1.14.1.0, Culture=neutral, PublicKeyToken=31bf3856ad364e35' or one of its dependencies. The system cannot find the file specified.
   at BCOPOSTOSHIBA.clsOPOSTOSHIBA..ctor(String Key)
   at BJCBCPOS_Model.PrinterToshiba..ctor(String key) in D:\BIG_C\BJCBCPOS_Source\BJCBCPOS-V2.03.00-Dev\BJCBCPOS_Solution\BJCBCPOS_Model\hardware\PrinterToshiba.cs:line 49

16:46:08.5378  frmMonitorCustomer is Activate.
16:46:08.5701  frmMonitorCustomerFooter is Activate.
16:46:08.5970  frmMonitor2Detail is Activate.
16:46:08.9255  frmLogin is Activate.
16:46:15.8623  Object reference not set to an instance of an object.
   at BJCBCPOS_Model.PrinterToshiba.checkCashDrawer() in D:\BIG_C\BJCBCPOS_Source\BJCBCPOS-V2.03.00-Dev\BJCBCPOS_Solution\BJCBCPOS_Model\hardware\PrinterToshiba.cs:line 75

16:46:15.8812  Object reference not set to an instance of an object.
   at BJCBCPOS_Model.PrinterToshiba.checkPrinter() in D:\BIG_C\BJCBCPOS_Source\BJCBCPOS-V2.03.00-Dev\BJCBCPOS_Solution\BJCBCPOS_Model\hardware\PrinterToshiba.cs:line 149

16:46:16.5311  frmLogin is Activate.
16:46:16.8305  frmMainMenu is Activate.
16:46:17.4243  Call afterNotify False
16:46:17.5786  Object reference not set to an instance of an object.
   at BJCBCPOS_Model.PrinterToshiba.addDrawerListeners(DrawerListener listener) in D:\BIG_C\BJCBCPOS_Source\BJCBCPOS-V2.03.00-Dev\BJCBCPOS_Solution\BJCBCPOS_Model\hardware\PrinterToshiba.cs:line 118

16:46:17.8671  frmSale is Activate.
16:46:19.8981  frmSale is Activate.
16:46:21.1498  frmReceivePaymentPOD is Activate.
16:46:21.3376  Object reference not set to an instance of an object.
   at BJCBCPOS_Model.PrinterToshiba.clearDrawerListeners() in D:\BIG_C\BJCBCPOS_Source\BJCBCPOS-V2.03.00-Dev\BJCBCPOS_Solution\BJCBCPOS_Model\hardware\PrinterToshiba.cs:line 133

16:50:27.5684  frmReceivePaymentPOD is Activate.
16:50:37.5240  frmReceivePaymentPOD is Activate.
16:50:50.8115  frmReceivePaymentPOD is Activate.
16:51:46.3275  frmReceivePaymentPOD is Activate.
16:51:59.4709  frmReceivePaymentPOD is Activate.
16:53:18.9245  frmReceivePaymentPOD is Activate.
16:53:24.7285  frmReceivePaymentPOD is Activate.
16:55:27.4062  frmReceivePaymentPOD is Activate.
16:55:57.4626  frmReceivePaymentPOD is Activate.
16:55:58.1757  frmReceivePaymentPOD is Activate.
16:55:58.8438  frmReceivePaymentPOD is Activate.
16:56:13.9132  frmReceivePaymentPOD is Activate.
16:57:30.7621  frmReceivePaymentPOD is Activate.
16:57:37.3158  frmReceivePaymentPOD is Activate.
17:09:36.6769  key section = setting, name = printername
17:09:36.6799  The given key was not present in the dictionary.
   at System.Collections.Generic.Dictionary`2.get_Item(TKey key)
   at BJCBCPOS_Model.INIConfig.getValue(ConfigKey key) in D:\BIG_C\BJCBCPOS_Source\BJCBCPOS-V2.03.00-Dev\BJCBCPOS_Solution\BJCBCPOS_Model\util\INIConfig.cs:line 73

17:09:36.6938  key section = , name = redeemno
17:09:36.6958  The given key was not present in the dictionary.
   at System.Collections.Generic.Dictionary`2.get_Item(TKey key)
   at BJCBCPOS_Model.INIConfig.getValue(ConfigKey key) in D:\BIG_C\BJCBCPOS_Source\BJCBCPOS-V2.03.00-Dev\BJCBCPOS_Solution\BJCBCPOS_Model\util\INIConfig.cs:line 73

17:09:36.8423  [Change connection string] Current connection string: Provider=SQLOLEDB;Server=172.28.4.36;Database=ESTORE;User Id=BIGAPP;Password=kzyyQ1_E@2sTW;Application Name=BJCBCPOS_Till003
17:09:36.9939  Store Return DevicePrinterABB = 2 (1 = HP, 2 = Toshiba)

17:09:37.0049  Initial Hardware with BCOPOSTOSHIBA.dll
17:09:37.0248  Could not load file or assembly 'Microsoft.PointOfService, Version=1.14.1.0, Culture=neutral, PublicKeyToken=31bf3856ad364e35' or one of its dependencies. The system cannot find the file specified.
   at BCOPOSTOSHIBA.clsOPOSTOSHIBA..ctor(String Key)
   at BJCBCPOS_Model.PrinterToshiba..ctor(String key) in D:\BIG_C\BJCBCPOS_Source\BJCBCPOS-V2.03.00-Dev\BJCBCPOS_Solution\BJCBCPOS_Model\hardware\PrinterToshiba.cs:line 49

17:09:37.5805  frmMonitorCustomer is Activate.
17:09:37.6194  frmMonitorCustomerFooter is Activate.
17:09:37.6533  frmMonitor2Detail is Activate.
17:09:37.9653  frmLogin is Activate.
17:09:45.3031  Object reference not set to an instance of an object.
   at BJCBCPOS_Model.PrinterToshiba.checkCashDrawer() in D:\BIG_C\BJCBCPOS_Source\BJCBCPOS-V2.03.00-Dev\BJCBCPOS_Solution\BJCBCPOS_Model\hardware\PrinterToshiba.cs:line 75

17:09:45.3207  Object reference not set to an instance of an object.
   at BJCBCPOS_Model.PrinterToshiba.checkPrinter() in D:\BIG_C\BJCBCPOS_Source\BJCBCPOS-V2.03.00-Dev\BJCBCPOS_Solution\BJCBCPOS_Model\hardware\PrinterToshiba.cs:line 149

17:09:46.2494  frmLogin is Activate.
17:09:46.5647  frmMainMenu is Activate.
17:09:48.2400  frmMainMenu is Activate.
17:09:49.9057  frmMainMenu is Activate.
17:10:01.3947  Call afterNotify False
17:10:01.5080  Object reference not set to an instance of an object.
   at BJCBCPOS_Model.PrinterToshiba.addDrawerListeners(DrawerListener listener) in D:\BIG_C\BJCBCPOS_Source\BJCBCPOS-V2.03.00-Dev\BJCBCPOS_Solution\BJCBCPOS_Model\hardware\PrinterToshiba.cs:line 118

17:10:01.8182  frmSale is Activate.
17:10:05.6421  frmSale is Activate.
17:10:27.3817  frmReceivePaymentPOD is Activate.
17:10:27.4808  Object reference not set to an instance of an object.
   at BJCBCPOS_Model.PrinterToshiba.clearDrawerListeners() in D:\BIG_C\BJCBCPOS_Source\BJCBCPOS-V2.03.00-Dev\BJCBCPOS_Solution\BJCBCPOS_Model\hardware\PrinterToshiba.cs:line 133

17:10:33.8741  frmReceivePaymentPOD is Activate.
17:10:58.6031  frmMainMenu is Activate.
17:10:58.8243  Call afterNotify False
17:10:58.9600  Object reference not set to an instance of an object.
   at BJCBCPOS_Model.PrinterToshiba.addDrawerListeners(DrawerListener listener) in D:\BIG_C\BJCBCPOS_Source\BJCBCPOS-V2.03.00-Dev\BJCBCPOS_Solution\BJCBCPOS_Model\hardware\PrinterToshiba.cs:line 113

17:10:59.1199  frmSale is Activate.
17:11:03.2058  frmSale is Activate.
17:11:04.6725  frmSale is Activate.
17:11:05.9948  frmSale is Activate.
17:11:06.6622  start keyProduct()
17:11:06.8144  before DisableControl();
17:11:06.8174  before Properties.Resources.multi_disable;
17:11:06.8203  after Properties.Resources.multi_disable;
17:11:06.8234  after Properties.Resources.change_disable;
17:11:06.8263  after Properties.Resources.remove_disable;
17:11:06.8363  after Properties.Resources.btn_payment_disable; ProgramConfig.flagDiscount = false;
17:11:06.8692  after saleProcess.getAmountExchangeRate keyProduct res.response.next = true
17:11:06.8782  after setFocus();
17:11:23.0603  frmSale is Activate.
17:11:24.8372  Object reference not set to an instance of an object.
   at BJCBCPOS_Model.PrinterToshiba.checkPrinter() in D:\BIG_C\BJCBCPOS_Source\BJCBCPOS-V2.03.00-Dev\BJCBCPOS_Solution\BJCBCPOS_Model\hardware\PrinterToshiba.cs:line 149

17:11:24.8613  Object reference not set to an instance of an object.
   at BJCBCPOS_Model.PrinterToshiba.printTermal(DataTable data) in D:\BIG_C\BJCBCPOS_Source\BJCBCPOS-V2.03.00-Dev\BJCBCPOS_Solution\BJCBCPOS_Model\hardware\PrinterToshiba.cs:line 283

17:11:24.9926  Object reference not set to an instance of an object.
   at BJCBCPOS_Model.PrinterToshiba.addDrawerListeners(DrawerListener listener) in D:\BIG_C\BJCBCPOS_Source\BJCBCPOS-V2.03.00-Dev\BJCBCPOS_Solution\BJCBCPOS_Model\hardware\PrinterToshiba.cs:line 113

17:11:25.1563  before Properties.Resources.multi_disable;
17:11:25.1593  after Properties.Resources.multi_disable;
17:11:25.1613  after Properties.Resources.change_disable;
17:11:25.1653  after Properties.Resources.remove_disable;
17:11:25.1836  frmSale is Activate.
17:11:26.6249  frmReceivePaymentPOD is Activate.
17:11:26.7042  Object reference not set to an instance of an object.
   at BJCBCPOS_Model.PrinterToshiba.clearDrawerListeners() in D:\BIG_C\BJCBCPOS_Source\BJCBCPOS-V2.03.00-Dev\BJCBCPOS_Solution\BJCBCPOS_Model\hardware\PrinterToshiba.cs:line 133

17:11:39.7400  frmReceivePaymentPOD is Activate.
17:12:09.0722  frmReceivePaymentPOD is Activate.
17:13:59.4778  key section = setting, name = printername
17:13:59.4808  The given key was not present in the dictionary.
   at System.Collections.Generic.Dictionary`2.get_Item(TKey key)
   at BJCBCPOS_Model.INIConfig.getValue(ConfigKey key) in D:\BIG_C\BJCBCPOS_Source\BJCBCPOS-V2.03.00-Dev\BJCBCPOS_Solution\BJCBCPOS_Model\util\INIConfig.cs:line 73

17:13:59.4978  key section = , name = redeemno
17:13:59.4998  The given key was not present in the dictionary.
   at System.Collections.Generic.Dictionary`2.get_Item(TKey key)
   at BJCBCPOS_Model.INIConfig.getValue(ConfigKey key) in D:\BIG_C\BJCBCPOS_Source\BJCBCPOS-V2.03.00-Dev\BJCBCPOS_Solution\BJCBCPOS_Model\util\INIConfig.cs:line 73

17:13:59.6295  [Change connection string] Current connection string: Provider=SQLOLEDB;Server=172.28.4.36;Database=ESTORE;User Id=BIGAPP;Password=kzyyQ1_E@2sTW;Application Name=BJCBCPOS_Till003
17:13:59.7538  Store Return DevicePrinterABB = 2 (1 = HP, 2 = Toshiba)

17:13:59.7657  Initial Hardware with BCOPOSTOSHIBA.dll
17:13:59.7847  Could not load file or assembly 'Microsoft.PointOfService, Version=1.14.1.0, Culture=neutral, PublicKeyToken=31bf3856ad364e35' or one of its dependencies. The system cannot find the file specified.
   at BCOPOSTOSHIBA.clsOPOSTOSHIBA..ctor(String Key)
   at BJCBCPOS_Model.PrinterToshiba..ctor(String key) in D:\BIG_C\BJCBCPOS_Source\BJCBCPOS-V2.03.00-Dev\BJCBCPOS_Solution\BJCBCPOS_Model\hardware\PrinterToshiba.cs:line 49

17:14:00.3629  frmMonitorCustomer is Activate.
17:14:00.4078  frmMonitorCustomerFooter is Activate.
17:14:00.4387  frmMonitor2Detail is Activate.
17:14:00.7437  frmLogin is Activate.
17:14:18.8367  Object reference not set to an instance of an object.
   at BJCBCPOS_Model.PrinterToshiba.checkCashDrawer() in D:\BIG_C\BJCBCPOS_Source\BJCBCPOS-V2.03.00-Dev\BJCBCPOS_Solution\BJCBCPOS_Model\hardware\PrinterToshiba.cs:line 75

17:14:18.8535  Object reference not set to an instance of an object.
   at BJCBCPOS_Model.PrinterToshiba.checkPrinter() in D:\BIG_C\BJCBCPOS_Source\BJCBCPOS-V2.03.00-Dev\BJCBCPOS_Solution\BJCBCPOS_Model\hardware\PrinterToshiba.cs:line 149

17:14:20.3867  frmLogin is Activate.
17:14:20.6800  frmMainMenu is Activate.
17:14:27.4499  Call afterNotify False
17:14:27.5601  Object reference not set to an instance of an object.
   at BJCBCPOS_Model.PrinterToshiba.addDrawerListeners(DrawerListener listener) in D:\BIG_C\BJCBCPOS_Source\BJCBCPOS-V2.03.00-Dev\BJCBCPOS_Solution\BJCBCPOS_Model\hardware\PrinterToshiba.cs:line 118

17:14:27.7505  frmSale is Activate.
17:14:37.2003  frmReceivePaymentPOD is Activate.
17:14:37.2952  Object reference not set to an instance of an object.
   at BJCBCPOS_Model.PrinterToshiba.clearDrawerListeners() in D:\BIG_C\BJCBCPOS_Source\BJCBCPOS-V2.03.00-Dev\BJCBCPOS_Solution\BJCBCPOS_Model\hardware\PrinterToshiba.cs:line 133

17:14:44.2717  frmReceivePaymentPOD is Activate.
17:16:54.0084  frmReceivePaymentPOD is Activate.
