16:31:58.8849  key section = setting, name = printername
16:31:58.8884  The given key was not present in the dictionary.
   at System.Collections.Generic.Dictionary`2.get_Item(TKey key)
   at BJCBCPOS_Model.INIConfig.getValue(ConfigKey key) in D:\BIG_C\BJCBCPOS_Source\BJCBCPOS-V2.03.00-Dev\BJCBCPOS_Solution\BJCBCPOS_Model\util\INIConfig.cs:line 73

16:31:59.8053  [Change connection string] Current connection string: Provider=SQLOLEDB;Server=172.28.4.36;Database=ESTORE;User Id=BIGAPP;Password=kzyyQ1_E@2sTW;Application Name=BJCBCPOS_Till003
16:32:00.6662  Store Return DevicePrinterABB = 2 (1 = HP, 2 = Toshiba)

16:32:00.7183  Initial Hardware with BCOPOSTOSHIBA.dll
16:32:01.2349  Could not load file or assembly 'Microsoft.PointOfService, Version=1.14.1.0, Culture=neutral, PublicKeyToken=31bf3856ad364e35' or one of its dependencies. The system cannot find the file specified.
   at BCOPOSTOSHIBA.clsOPOSTOSHIBA..ctor(String Key)
   at BJCBCPOS_Model.PrinterToshiba..ctor(String key) in D:\BIG_C\BJCBCPOS_Source\BJCBCPOS-V2.03.00-Dev\BJCBCPOS_Solution\BJCBCPOS_Model\hardware\PrinterToshiba.cs:line 49

16:32:02.8758  frmMonitorCustomer is Activate.
16:32:02.9271  frmMonitorCustomerFooter is Activate.
16:32:02.9952  frmMonitor2Detail is Activate.
16:32:03.8162  frmLogin is Activate.
16:32:14.4332  store procedure return error (ResponseCode = "300")
Response Message = เลขที่ Login สูงสุดไม่ตรงกับข้อมูลใน .INI(Reference No.#I003000752/Parameter#I003000740)
Help Message = ติดต่อ IT Service Desk Tel.xxx-xxxx
Application Desc = pos_CheckTerminal#22

16:32:16.3995  frmLogin is Activate.
16:33:06.0292  key section = setting, name = printername
16:33:06.0325  The given key was not present in the dictionary.
   at System.Collections.Generic.Dictionary`2.get_Item(TKey key)
   at BJCBCPOS_Model.INIConfig.getValue(ConfigKey key) in D:\BIG_C\BJCBCPOS_Source\BJCBCPOS-V2.03.00-Dev\BJCBCPOS_Solution\BJCBCPOS_Model\util\INIConfig.cs:line 73

16:33:06.4028  [Change connection string] Current connection string: Provider=SQLOLEDB;Server=172.28.4.36;Database=ESTORE;User Id=BIGAPP;Password=kzyyQ1_E@2sTW;Application Name=BJCBCPOS_Till003
16:33:06.7451  Store Return DevicePrinterABB = 2 (1 = HP, 2 = Toshiba)

16:33:06.7646  Initial Hardware with BCOPOSTOSHIBA.dll
16:33:06.7916  Could not load file or assembly 'Microsoft.PointOfService, Version=1.14.1.0, Culture=neutral, PublicKeyToken=31bf3856ad364e35' or one of its dependencies. The system cannot find the file specified.
   at BCOPOSTOSHIBA.clsOPOSTOSHIBA..ctor(String Key)
   at BJCBCPOS_Model.PrinterToshiba..ctor(String key) in D:\BIG_C\BJCBCPOS_Source\BJCBCPOS-V2.03.00-Dev\BJCBCPOS_Solution\BJCBCPOS_Model\hardware\PrinterToshiba.cs:line 49

16:33:07.9121  frmMonitorCustomer is Activate.
16:33:07.9544  frmMonitorCustomerFooter is Activate.
16:33:08.0172  frmMonitor2Detail is Activate.
16:33:08.5082  frmLogin is Activate.
16:33:17.1264  Object reference not set to an instance of an object.
   at BJCBCPOS_Model.PrinterToshiba.checkCashDrawer() in D:\BIG_C\BJCBCPOS_Source\BJCBCPOS-V2.03.00-Dev\BJCBCPOS_Solution\BJCBCPOS_Model\hardware\PrinterToshiba.cs:line 75

16:33:17.1580  Object reference not set to an instance of an object.
   at BJCBCPOS_Model.PrinterToshiba.checkPrinter() in D:\BIG_C\BJCBCPOS_Source\BJCBCPOS-V2.03.00-Dev\BJCBCPOS_Solution\BJCBCPOS_Model\hardware\PrinterToshiba.cs:line 149

16:33:17.9922  frmLogin is Activate.
16:33:18.6543  frmMainMenu is Activate.
16:33:19.1073  store procedure return error (ResponseCode = "300")
Response Message = ไม่พบการเปิดงานประจำวัน
Help Message = กรุณาเปิดงานก่อนทำการขาย
Application Desc = pos_CheckOpenDay#2

16:33:20.1542  frmMainMenu is Activate.
16:33:21.4944  Object reference not set to an instance of an object.
   at BJCBCPOS_Model.PrinterToshiba.checkPrinter() in D:\BIG_C\BJCBCPOS_Source\BJCBCPOS-V2.03.00-Dev\BJCBCPOS_Solution\BJCBCPOS_Model\hardware\PrinterToshiba.cs:line 149

16:33:21.5761  Object reference not set to an instance of an object.
   at BJCBCPOS_Model.PrinterToshiba.printTermal(DataTable data) in D:\BIG_C\BJCBCPOS_Source\BJCBCPOS-V2.03.00-Dev\BJCBCPOS_Solution\BJCBCPOS_Model\hardware\PrinterToshiba.cs:line 283

16:33:22.2412  frmMainMenu is Activate.
16:33:23.9547  Call afterNotify False
16:33:24.5600  Object reference not set to an instance of an object.
   at BJCBCPOS_Model.PrinterToshiba.addDrawerListeners(DrawerListener listener) in D:\BIG_C\BJCBCPOS_Source\BJCBCPOS-V2.03.00-Dev\BJCBCPOS_Solution\BJCBCPOS_Model\hardware\PrinterToshiba.cs:line 118

16:33:25.3226  frmSale is Activate.
16:33:32.1231  frmSale is Activate.
16:33:33.9840  frmSale is Activate.
16:33:36.3742  frmReceivePaymentPOD is Activate.
16:33:36.6771  Object reference not set to an instance of an object.
   at BJCBCPOS_Model.PrinterToshiba.clearDrawerListeners() in D:\BIG_C\BJCBCPOS_Source\BJCBCPOS-V2.03.00-Dev\BJCBCPOS_Solution\BJCBCPOS_Model\hardware\PrinterToshiba.cs:line 133

16:35:32.3763  frmReceivePaymentPOD is Activate.
16:35:43.9484  frmReceivePaymentPOD is Activate.
16:36:02.3987  frmReceivePaymentPOD is Activate.
16:36:27.8854  frmReceivePaymentPOD is Activate.
16:36:51.6862  frmReceivePaymentPOD is Activate.
16:36:53.2869  frmReceivePaymentPOD is Activate.
16:37:09.3856  frmReceivePaymentPOD is Activate.
16:38:56.3861  key section = setting, name = printername
16:38:56.3902  The given key was not present in the dictionary.
   at System.Collections.Generic.Dictionary`2.get_Item(TKey key)
   at BJCBCPOS_Model.INIConfig.getValue(ConfigKey key) in D:\BIG_C\BJCBCPOS_Source\BJCBCPOS-V2.03.00-Dev\BJCBCPOS_Solution\BJCBCPOS_Model\util\INIConfig.cs:line 73

16:38:57.3389  [Change connection string] Current connection string: Provider=SQLOLEDB;Server=172.28.4.36;Database=ESTORE;User Id=BIGAPP;Password=kzyyQ1_E@2sTW;Application Name=BJCBCPOS_Till003
16:38:57.6100  Store Return DevicePrinterABB = 2 (1 = HP, 2 = Toshiba)

16:38:57.6640  Initial Hardware with BCOPOSTOSHIBA.dll
16:38:57.6909  Could not load file or assembly 'Microsoft.PointOfService, Version=1.14.1.0, Culture=neutral, PublicKeyToken=31bf3856ad364e35' or one of its dependencies. The system cannot find the file specified.
   at BCOPOSTOSHIBA.clsOPOSTOSHIBA..ctor(String Key)
   at BJCBCPOS_Model.PrinterToshiba..ctor(String key) in D:\BIG_C\BJCBCPOS_Source\BJCBCPOS-V2.03.00-Dev\BJCBCPOS_Solution\BJCBCPOS_Model\hardware\PrinterToshiba.cs:line 49

16:38:59.3128  frmMonitorCustomer is Activate.
16:38:59.4592  frmMonitorCustomerFooter is Activate.
16:38:59.5692  frmMonitor2Detail is Activate.
16:39:00.8992  frmLogin is Activate.
16:39:07.4402  Object reference not set to an instance of an object.
   at BJCBCPOS_Model.PrinterToshiba.checkCashDrawer() in D:\BIG_C\BJCBCPOS_Source\BJCBCPOS-V2.03.00-Dev\BJCBCPOS_Solution\BJCBCPOS_Model\hardware\PrinterToshiba.cs:line 75

16:39:07.5251  Object reference not set to an instance of an object.
   at BJCBCPOS_Model.PrinterToshiba.checkPrinter() in D:\BIG_C\BJCBCPOS_Source\BJCBCPOS-V2.03.00-Dev\BJCBCPOS_Solution\BJCBCPOS_Model\hardware\PrinterToshiba.cs:line 149

16:39:08.2813  frmLogin is Activate.
16:39:09.0603  frmMainMenu is Activate.
16:39:09.6641  Call afterNotify False
16:39:09.9065  Object reference not set to an instance of an object.
   at BJCBCPOS_Model.PrinterToshiba.addDrawerListeners(DrawerListener listener) in D:\BIG_C\BJCBCPOS_Source\BJCBCPOS-V2.03.00-Dev\BJCBCPOS_Solution\BJCBCPOS_Model\hardware\PrinterToshiba.cs:line 118

16:39:10.4830  frmSale is Activate.
16:39:16.1691  frmSale is Activate.
16:39:18.1664  frmSale is Activate.
16:39:20.7763  frmSale is Activate.
16:39:25.0796  frmSale is Activate.
16:39:26.9137  start keyProduct()
16:39:28.1023  before DisableControl();
16:39:28.1112  before Properties.Resources.multi_disable;
16:39:28.1334  after Properties.Resources.multi_disable;
16:39:28.1473  after Properties.Resources.change_disable;
16:39:28.1576  after Properties.Resources.remove_disable;
16:39:28.2288  after Properties.Resources.btn_payment_disable; ProgramConfig.flagDiscount = false;
16:39:28.4142  after saleProcess.getAmountExchangeRate keyProduct res.response.next = true
16:39:28.4408  after setFocus();
16:39:30.1083  before Properties.Resources.multi_disable;
16:39:30.1205  after Properties.Resources.multi_disable;
16:39:30.1344  after Properties.Resources.change_disable;
16:39:30.1426  after Properties.Resources.remove_disable;
16:39:31.6592  frmCustRedeem is Activate.
16:39:31.9453  Can not find FunctionId 121131010010001 in profileCollections.

16:39:31.9540  Can not find FunctionId 121131010010002 in profileCollections.

16:39:31.9831  frmSale is Activate.
16:39:32.5545  Can not find FunctionId 121131020010001 in profileCollections.

16:39:32.5615  Can not find FunctionId 121131020010002 in profileCollections.

16:39:32.9375  Can not find FunctionId 121131030010001 in profileCollections.

16:39:32.9492  Can not find FunctionId 121131030010002 in profileCollections.

16:39:34.1924  frmPayment_Load
16:39:34.4889  store procedure return error (ResponseCode = "300")
Response Message = N/A
Help Message = 
Application Desc = 

16:39:34.6294  after saleProcess.getAmountExchangeRate Method SummaryCashIn
16:39:34.6375  after saleProcess.getAmountExchangeRate Method SummaryCashIn res.response.next = true Start
16:39:34.6524  after saleProcess.getAmoSuntExchangeRate Method SummaryCashIn res.response.next = true End
16:39:35.6673  store procedure return error (ResponseCode = "300")
Response Message = N/A
Help Message = 
Application Desc = 

16:39:35.7333  after saleProcess.getAmountExchangeRate Method SummaryCashIn
16:39:35.7413  after saleProcess.getAmountExchangeRate Method SummaryCashIn res.response.next = true Start
16:39:35.7577  after saleProcess.getAmoSuntExchangeRate Method SummaryCashIn res.response.next = true End
16:39:35.7692  after ucTxtAmountCash.Text
16:39:35.7772  after ucTxtAmountCash.Focus
16:39:35.8071  frmPayment is Activate.
16:39:37.5826  after saleProcess.getAmountExchangeRate Method SummaryCashIn
16:39:37.5917  after saleProcess.getAmountExchangeRate Method SummaryCashIn res.response.next = true Start
16:39:37.6143  after saleProcess.getAmoSuntExchangeRate Method SummaryCashIn res.response.next = true End
16:39:37.6283  before saleProcess.getAmountExchangeRate enterChangebalance
16:39:37.6386  before CalBalanceDiff
16:39:37.8643  store procedure return error (ResponseCode = "300")
Response Message = N/A
Help Message = 
Application Desc = 

16:39:39.1792  Object reference not set to an instance of an object.
   at BJCBCPOS_Model.PrinterToshiba.addDrawerListeners(DrawerListener listener) in D:\BIG_C\BJCBCPOS_Source\BJCBCPOS-V2.03.00-Dev\BJCBCPOS_Solution\BJCBCPOS_Model\hardware\PrinterToshiba.cs:line 113

16:39:39.2896  store procedure return error (ResponseCode = "300")
Response Message = N/A
Help Message = 
Application Desc = 

16:39:39.3515  frmPayment is Activate.
16:39:41.5205  ABBNo from SaveSaleTrans 003000062F
16:39:43.2113  Object reference not set to an instance of an object.
   at BJCBCPOS_Model.PrinterToshiba.printFullTax(String refNo, String fftiNo, String offtiNo) in D:\BIG_C\BJCBCPOS_Source\BJCBCPOS-V2.03.00-Dev\BJCBCPOS_Solution\BJCBCPOS_Model\hardware\PrinterToshiba.cs:line 313

16:39:43.4375  frmConfirmPayment ProcessCashDrawerClose Hardware.isDrawerOpenFalse
16:39:43.5206  frmConfirmPayment: call method closeForm >> tranSuccess : True, chkSwClose : True, statusCloseDrawer : True, finishReceipt False
16:39:44.2044  frmCustRedeem is Activate.
16:39:44.4423  Can not find FunctionId 121285101010002 in profileCollections.

16:39:44.4473  Can not find FunctionId 121285101010002 in profileCollections.

16:39:45.0232  frmConfirmPayment: salePageState in closeFormPayment = 2
16:39:45.0726  Call afterNotify False
16:39:45.1854  Object reference not set to an instance of an object.
   at BJCBCPOS_Model.PrinterToshiba.addDrawerListeners(DrawerListener listener) in D:\BIG_C\BJCBCPOS_Source\BJCBCPOS-V2.03.00-Dev\BJCBCPOS_Solution\BJCBCPOS_Model\hardware\PrinterToshiba.cs:line 113

16:39:45.4106  before Properties.Resources.multi_disable;
16:39:45.4201  after Properties.Resources.multi_disable;
16:39:45.4292  after Properties.Resources.change_disable;
16:39:45.4394  after Properties.Resources.remove_disable;
16:39:45.5364  frmSale is Activate.
16:39:45.5436  frmSale is Activate.
16:39:56.3715  frmSale is Activate.
16:39:56.3786  frmSale is Activate.
16:39:58.8203  frmReceivePaymentPOD is Activate.
16:39:59.0143  Object reference not set to an instance of an object.
   at BJCBCPOS_Model.PrinterToshiba.clearDrawerListeners() in D:\BIG_C\BJCBCPOS_Source\BJCBCPOS-V2.03.00-Dev\BJCBCPOS_Solution\BJCBCPOS_Model\hardware\PrinterToshiba.cs:line 133

16:40:05.4377  frmReceivePaymentPOD is Activate.
16:40:10.1032  frmReceivePaymentPOD is Activate.
16:40:33.0920  frmReceivePaymentPOD is Activate.
16:40:44.0195  frmReceivePaymentPOD is Activate.
16:40:45.8418  frmMainMenu is Activate.
16:40:46.1336  Call afterNotify False
16:40:46.3415  Object reference not set to an instance of an object.
   at BJCBCPOS_Model.PrinterToshiba.addDrawerListeners(DrawerListener listener) in D:\BIG_C\BJCBCPOS_Source\BJCBCPOS-V2.03.00-Dev\BJCBCPOS_Solution\BJCBCPOS_Model\hardware\PrinterToshiba.cs:line 113

16:40:46.7474  frmSale is Activate.
16:40:52.9063  frmReceivePaymentPOD is Activate.
16:40:53.0608  Object reference not set to an instance of an object.
   at BJCBCPOS_Model.PrinterToshiba.clearDrawerListeners() in D:\BIG_C\BJCBCPOS_Source\BJCBCPOS-V2.03.00-Dev\BJCBCPOS_Solution\BJCBCPOS_Model\hardware\PrinterToshiba.cs:line 133

16:41:02.3078  frmReceivePaymentPOD is Activate.
16:41:03.6205  frmMainMenu is Activate.
16:41:04.3466  Call afterNotify False
16:41:04.5184  Object reference not set to an instance of an object.
   at BJCBCPOS_Model.PrinterToshiba.addDrawerListeners(DrawerListener listener) in D:\BIG_C\BJCBCPOS_Source\BJCBCPOS-V2.03.00-Dev\BJCBCPOS_Solution\BJCBCPOS_Model\hardware\PrinterToshiba.cs:line 113

16:41:04.9041  frmSale is Activate.
16:41:07.7286  frmReceivePaymentPOD is Activate.
16:41:07.9164  Object reference not set to an instance of an object.
   at BJCBCPOS_Model.PrinterToshiba.clearDrawerListeners() in D:\BIG_C\BJCBCPOS_Source\BJCBCPOS-V2.03.00-Dev\BJCBCPOS_Solution\BJCBCPOS_Model\hardware\PrinterToshiba.cs:line 133

17:09:45.7307  key section = setting, name = printername
17:09:45.7357  The given key was not present in the dictionary.
   at System.Collections.Generic.Dictionary`2.get_Item(TKey key)
   at BJCBCPOS_Model.INIConfig.getValue(ConfigKey key) in D:\BIG_C\BJCBCPOS_Source\BJCBCPOS-V2.03.00-Dev\BJCBCPOS_Solution\BJCBCPOS_Model\util\INIConfig.cs:line 73

17:09:46.7764  [Change connection string] Current connection string: Provider=SQLOLEDB;Server=172.28.4.36;Database=ESTORE;User Id=BIGAPP;Password=kzyyQ1_E@2sTW;Application Name=BJCBCPOS_Till003
17:09:47.0663  Store Return DevicePrinterABB = 2 (1 = HP, 2 = Toshiba)

17:09:47.2262  Initial Hardware with BCOPOSTOSHIBA.dll
17:09:47.2562  Could not load file or assembly 'Microsoft.PointOfService, Version=1.14.1.0, Culture=neutral, PublicKeyToken=31bf3856ad364e35' or one of its dependencies. The system cannot find the file specified.
   at BCOPOSTOSHIBA.clsOPOSTOSHIBA..ctor(String Key)
   at BJCBCPOS_Model.PrinterToshiba..ctor(String key) in D:\BIG_C\BJCBCPOS_Source\BJCBCPOS-V2.03.00-Dev\BJCBCPOS_Solution\BJCBCPOS_Model\hardware\PrinterToshiba.cs:line 49

17:09:48.2584  frmMonitorCustomer is Activate.
17:09:48.3173  frmMonitorCustomerFooter is Activate.
17:09:48.3781  frmMonitor2Detail is Activate.
17:09:49.6858  frmLogin is Activate.
17:22:22.2071  frmMonitor2Detail is Activate.
17:22:30.2801  frmLogin is Activate.
17:22:35.9933  Object reference not set to an instance of an object.
   at BJCBCPOS_Model.PrinterToshiba.checkCashDrawer() in D:\BIG_C\BJCBCPOS_Source\BJCBCPOS-V2.03.00-Dev\BJCBCPOS_Solution\BJCBCPOS_Model\hardware\PrinterToshiba.cs:line 75

17:22:36.0713  Object reference not set to an instance of an object.
   at BJCBCPOS_Model.PrinterToshiba.checkPrinter() in D:\BIG_C\BJCBCPOS_Source\BJCBCPOS-V2.03.00-Dev\BJCBCPOS_Solution\BJCBCPOS_Model\hardware\PrinterToshiba.cs:line 149

17:22:37.3790  frmLogin is Activate.
17:22:38.1519  frmMainMenu is Activate.
17:22:38.9801  Call afterNotify False
17:22:39.5613  Object reference not set to an instance of an object.
   at BJCBCPOS_Model.PrinterToshiba.addDrawerListeners(DrawerListener listener) in D:\BIG_C\BJCBCPOS_Source\BJCBCPOS-V2.03.00-Dev\BJCBCPOS_Solution\BJCBCPOS_Model\hardware\PrinterToshiba.cs:line 118

17:22:40.1860  frmSale is Activate.
17:34:43.0615  frmSale is Activate.
17:34:45.1774  frmReceivePaymentPOD is Activate.
17:34:45.5016  Object reference not set to an instance of an object.
   at BJCBCPOS_Model.PrinterToshiba.clearDrawerListeners() in D:\BIG_C\BJCBCPOS_Source\BJCBCPOS-V2.03.00-Dev\BJCBCPOS_Solution\BJCBCPOS_Model\hardware\PrinterToshiba.cs:line 133

17:34:50.6424  frmReceivePaymentPOD is Activate.
17:35:30.7424  frmReceivePaymentPOD is Activate.
17:35:46.6855  frmReceivePaymentPOD is Activate.
17:35:56.9664  frmReceivePaymentPOD is Activate.
17:36:03.3495  frmMainMenu is Activate.
17:36:03.9402  Call afterNotify False
17:36:04.1814  Object reference not set to an instance of an object.
   at BJCBCPOS_Model.PrinterToshiba.addDrawerListeners(DrawerListener listener) in D:\BIG_C\BJCBCPOS_Source\BJCBCPOS-V2.03.00-Dev\BJCBCPOS_Solution\BJCBCPOS_Model\hardware\PrinterToshiba.cs:line 113

17:36:04.6836  frmSale is Activate.
17:36:06.7142  frmReceivePaymentPOD is Activate.
17:36:06.8863  Object reference not set to an instance of an object.
   at BJCBCPOS_Model.PrinterToshiba.clearDrawerListeners() in D:\BIG_C\BJCBCPOS_Source\BJCBCPOS-V2.03.00-Dev\BJCBCPOS_Solution\BJCBCPOS_Model\hardware\PrinterToshiba.cs:line 133

17:36:21.4235  frmReceivePaymentPOD is Activate.
17:36:34.8619  frmReceivePaymentPOD is Activate.
17:36:35.5123  frmMainMenu is Activate.
17:36:35.8262  Call afterNotify False
17:36:36.0234  Object reference not set to an instance of an object.
   at BJCBCPOS_Model.PrinterToshiba.addDrawerListeners(DrawerListener listener) in D:\BIG_C\BJCBCPOS_Source\BJCBCPOS-V2.03.00-Dev\BJCBCPOS_Solution\BJCBCPOS_Model\hardware\PrinterToshiba.cs:line 113

17:36:36.5180  frmSale is Activate.
17:36:38.4126  frmReceivePaymentPOD is Activate.
17:36:38.7274  Object reference not set to an instance of an object.
   at BJCBCPOS_Model.PrinterToshiba.clearDrawerListeners() in D:\BIG_C\BJCBCPOS_Source\BJCBCPOS-V2.03.00-Dev\BJCBCPOS_Solution\BJCBCPOS_Model\hardware\PrinterToshiba.cs:line 133

17:36:57.6473  frmReceivePaymentPOD is Activate.
17:37:15.6584  frmMainMenu is Activate.
17:37:15.9914  Call afterNotify False
17:37:16.1742  Object reference not set to an instance of an object.
   at BJCBCPOS_Model.PrinterToshiba.addDrawerListeners(DrawerListener listener) in D:\BIG_C\BJCBCPOS_Source\BJCBCPOS-V2.03.00-Dev\BJCBCPOS_Solution\BJCBCPOS_Model\hardware\PrinterToshiba.cs:line 113

17:37:16.6054  frmSale is Activate.
17:37:18.5686  frmReceivePaymentPOD is Activate.
17:37:18.7293  Object reference not set to an instance of an object.
   at BJCBCPOS_Model.PrinterToshiba.clearDrawerListeners() in D:\BIG_C\BJCBCPOS_Source\BJCBCPOS-V2.03.00-Dev\BJCBCPOS_Solution\BJCBCPOS_Model\hardware\PrinterToshiba.cs:line 133

17:37:29.3885  frmReceivePaymentPOD is Activate.
17:37:30.3537  frmReceivePaymentPOD is Activate.
17:39:10.5515  frmReceivePaymentPOD is Activate.
17:39:14.4462  frmPayment_Load
17:39:14.7953  store procedure return error (ResponseCode = "300")
Response Message = N/A
Help Message = 
Application Desc = 

17:39:14.9200  after saleProcess.getAmountExchangeRate Method SummaryCashIn
17:39:14.9272  after saleProcess.getAmountExchangeRate Method SummaryCashIn res.response.next = true Start
17:39:14.9436  after saleProcess.getAmoSuntExchangeRate Method SummaryCashIn res.response.next = true End
17:39:15.4103  frmPayment is Activate.
17:39:33.4567  frmReceivePaymentPOD is Activate.
17:39:36.1099  frmPayment_Load
17:39:36.2753  store procedure return error (ResponseCode = "300")
Response Message = N/A
Help Message = 
Application Desc = 

17:39:36.3781  after saleProcess.getAmountExchangeRate Method SummaryCashIn
17:39:36.3831  after saleProcess.getAmountExchangeRate Method SummaryCashIn res.response.next = true Start
17:39:36.3907  after saleProcess.getAmoSuntExchangeRate Method SummaryCashIn res.response.next = true End
17:39:36.8096  frmPayment is Activate.
17:40:34.9254  frmPayment is Activate.
17:40:39.3576  frmReceivePaymentPOD is Activate.
17:40:40.6349  frmPayment_Load
17:40:40.8152  store procedure return error (ResponseCode = "300")
Response Message = N/A
Help Message = 
Application Desc = 

17:40:41.0502  after saleProcess.getAmountExchangeRate Method SummaryCashIn
17:40:41.0605  after saleProcess.getAmountExchangeRate Method SummaryCashIn res.response.next = true Start
17:40:41.0753  after saleProcess.getAmoSuntExchangeRate Method SummaryCashIn res.response.next = true End
17:40:41.4964  frmPayment is Activate.
17:40:44.1152  frmReceivePaymentPOD is Activate.
17:40:45.7406  frmPayment_Load
17:40:45.9265  store procedure return error (ResponseCode = "300")
Response Message = N/A
Help Message = 
Application Desc = 

17:40:46.0456  after saleProcess.getAmountExchangeRate Method SummaryCashIn
17:40:46.0551  after saleProcess.getAmountExchangeRate Method SummaryCashIn res.response.next = true Start
17:40:46.0662  after saleProcess.getAmoSuntExchangeRate Method SummaryCashIn res.response.next = true End
17:40:46.5162  frmPayment is Activate.
17:40:57.8818  frmPayment is Activate.
17:40:59.5876  store procedure return error (ResponseCode = "300")
Response Message = N/A
Help Message = 
Application Desc = 

17:41:02.0536  frmPayment is Activate.
17:41:06.4936  after saleProcess.getAmountExchangeRate Method SummaryCashIn
17:41:06.4996  after saleProcess.getAmountExchangeRate Method SummaryCashIn res.response.next = true Start
17:41:06.5066  after saleProcess.getAmoSuntExchangeRate Method SummaryCashIn res.response.next = true End
17:41:06.8569  Current SQLState not in connectionLost and queryTimeount. SQLState = 01000
17:41:06.8645  Current SQLState not in connectionLost and queryTimeount. SQLState = 22001
17:41:06.9512  The statement has been terminated.
String or binary data would be truncated.
   at BJCBCPOS_Data.DBConnect.checkConnectionLostError(Exception ex) in D:\BIG_C\BJCBCPOS_Source\BJCBCPOS-V2.03.00-Dev\BJCBCPOS_Solution\BJCBCPOS_Data\DBConnect.cs:line 503
   at BJCBCPOS_Data.DBConnect.ExecuteNonQuery() in D:\BIG_C\BJCBCPOS_Source\BJCBCPOS-V2.03.00-Dev\BJCBCPOS_Solution\BJCBCPOS_Data\DBConnect.cs:line 354
   at BJCBCPOS_Data.SqlCommand.saveTempPay(String refNo, String type, String pay, String amt, String chg, String fxcuqnt, String pdisc) in D:\BIG_C\BJCBCPOS_Source\BJCBCPOS-V2.03.00-Dev\BJCBCPOS_Solution\BJCBCPOS_Data\SqlCommand.cs:line 2422

17:41:07.0345  ไม่สามารถบันทึกข้อมูลลงใน TEMPPAY
   at BJCBCPOS_Process.SaleProcess.savePaymentCreditBalance(String creditCard, String approveCode, String dty, String amtPrice, String balance, Boolean isInsertEDCTrans) in D:\BIG_C\BJCBCPOS_Source\BJCBCPOS-V2.03.00-Dev\BJCBCPOS_Solution\BJCBCPOS_Process\SaleProcess.cs:line 3504

17:41:12.1107  frmPayment is Activate.
17:41:55.5386  key section = setting, name = printername
17:41:55.5565  The given key was not present in the dictionary.
   at System.Collections.Generic.Dictionary`2.get_Item(TKey key)
   at BJCBCPOS_Model.INIConfig.getValue(ConfigKey key) in D:\BIG_C\BJCBCPOS_Source\BJCBCPOS-V2.03.00-Dev\BJCBCPOS_Solution\BJCBCPOS_Model\util\INIConfig.cs:line 73

17:41:55.8231  [Change connection string] Current connection string: Provider=SQLOLEDB;Server=172.28.4.36;Database=ESTORE;User Id=BIGAPP;Password=kzyyQ1_E@2sTW;Application Name=BJCBCPOS_Till003
17:41:56.0772  Store Return DevicePrinterABB = 2 (1 = HP, 2 = Toshiba)

17:41:56.0982  Initial Hardware with BCOPOSTOSHIBA.dll
17:41:56.1516  Could not load file or assembly 'Microsoft.PointOfService, Version=1.14.1.0, Culture=neutral, PublicKeyToken=31bf3856ad364e35' or one of its dependencies. The system cannot find the file specified.
   at BCOPOSTOSHIBA.clsOPOSTOSHIBA..ctor(String Key)
   at BJCBCPOS_Model.PrinterToshiba..ctor(String key) in D:\BIG_C\BJCBCPOS_Source\BJCBCPOS-V2.03.00-Dev\BJCBCPOS_Solution\BJCBCPOS_Model\hardware\PrinterToshiba.cs:line 49

17:41:57.1964  frmMonitorCustomer is Activate.
17:41:57.2443  frmMonitorCustomerFooter is Activate.
17:41:57.2974  frmMonitor2Detail is Activate.
17:41:57.7842  frmLogin is Activate.
17:46:42.4864  store procedure return error (ResponseCode = "300")
Response Message = เลขที่ใบเสร็จ internal sale ไม่ตรงกับข้อมูลใน .ini(Internal Sale No.#S003001027/Parameter#2117001POD003000005)
Help Message = ติดต่อ IT Service Desk Tel.xxx-xxxx
Application Desc = pos_CheckTerminal#27

17:46:46.6043  frmLogin is Activate.
17:46:48.0256  frmLogin is Activate.
17:58:46.9599  key section = setting, name = printername
17:58:46.9670  The given key was not present in the dictionary.
   at System.Collections.Generic.Dictionary`2.get_Item(TKey key)
   at BJCBCPOS_Model.INIConfig.getValue(ConfigKey key) in D:\BIG_C\BJCBCPOS_Source\BJCBCPOS-V2.03.00-Dev\BJCBCPOS_Solution\BJCBCPOS_Model\util\INIConfig.cs:line 73

17:58:47.2420  [Change connection string] Current connection string: Provider=SQLOLEDB;Server=172.28.4.36;Database=ESTORE;User Id=BIGAPP;Password=kzyyQ1_E@2sTW;Application Name=BJCBCPOS_Till003
17:58:47.4894  Store Return DevicePrinterABB = 2 (1 = HP, 2 = Toshiba)

17:58:47.5064  Initial Hardware with BCOPOSTOSHIBA.dll
17:58:47.5350  Could not load file or assembly 'Microsoft.PointOfService, Version=1.14.1.0, Culture=neutral, PublicKeyToken=31bf3856ad364e35' or one of its dependencies. The system cannot find the file specified.
   at BCOPOSTOSHIBA.clsOPOSTOSHIBA..ctor(String Key)
   at BJCBCPOS_Model.PrinterToshiba..ctor(String key) in D:\BIG_C\BJCBCPOS_Source\BJCBCPOS-V2.03.00-Dev\BJCBCPOS_Solution\BJCBCPOS_Model\hardware\PrinterToshiba.cs:line 49

17:58:48.4878  frmMonitorCustomer is Activate.
17:58:48.5521  frmMonitorCustomerFooter is Activate.
17:58:48.6098  frmMonitor2Detail is Activate.
17:58:48.9830  frmLogin is Activate.
17:58:54.3440  store procedure return error (ResponseCode = "300")
Response Message = เลขที่ Login สูงสุดไม่ตรงกับข้อมูลใน .INI(Reference No.#I003000755/Parameter#I003000752)
Help Message = ติดต่อ IT Service Desk Tel.xxx-xxxx
Application Desc = pos_CheckTerminal#22

17:58:58.1921  frmLogin is Activate.
17:59:41.5826  key section = setting, name = printername
17:59:41.5868  The given key was not present in the dictionary.
   at System.Collections.Generic.Dictionary`2.get_Item(TKey key)
   at BJCBCPOS_Model.INIConfig.getValue(ConfigKey key) in D:\BIG_C\BJCBCPOS_Source\BJCBCPOS-V2.03.00-Dev\BJCBCPOS_Solution\BJCBCPOS_Model\util\INIConfig.cs:line 73

17:59:41.9212  [Change connection string] Current connection string: Provider=SQLOLEDB;Server=172.28.4.36;Database=ESTORE;User Id=BIGAPP;Password=kzyyQ1_E@2sTW;Application Name=BJCBCPOS_Till003
17:59:42.2837  Store Return DevicePrinterABB = 2 (1 = HP, 2 = Toshiba)

17:59:42.3043  Initial Hardware with BCOPOSTOSHIBA.dll
17:59:42.3352  Could not load file or assembly 'Microsoft.PointOfService, Version=1.14.1.0, Culture=neutral, PublicKeyToken=31bf3856ad364e35' or one of its dependencies. The system cannot find the file specified.
   at BCOPOSTOSHIBA.clsOPOSTOSHIBA..ctor(String Key)
   at BJCBCPOS_Model.PrinterToshiba..ctor(String key) in D:\BIG_C\BJCBCPOS_Source\BJCBCPOS-V2.03.00-Dev\BJCBCPOS_Solution\BJCBCPOS_Model\hardware\PrinterToshiba.cs:line 49

17:59:43.5091  frmMonitorCustomer is Activate.
17:59:43.5490  frmMonitorCustomerFooter is Activate.
17:59:43.6042  frmMonitor2Detail is Activate.
17:59:44.0251  frmLogin is Activate.
17:59:58.6632  Object reference not set to an instance of an object.
   at BJCBCPOS_Model.PrinterToshiba.checkCashDrawer() in D:\BIG_C\BJCBCPOS_Source\BJCBCPOS-V2.03.00-Dev\BJCBCPOS_Solution\BJCBCPOS_Model\hardware\PrinterToshiba.cs:line 75

17:59:58.7492  Object reference not set to an instance of an object.
   at BJCBCPOS_Model.PrinterToshiba.checkPrinter() in D:\BIG_C\BJCBCPOS_Source\BJCBCPOS-V2.03.00-Dev\BJCBCPOS_Solution\BJCBCPOS_Model\hardware\PrinterToshiba.cs:line 149

18:00:00.2748  frmLogin is Activate.
18:00:00.9589  frmMainMenu is Activate.
18:00:01.7649  Call afterNotify False
18:00:02.3580  Object reference not set to an instance of an object.
   at BJCBCPOS_Model.PrinterToshiba.addDrawerListeners(DrawerListener listener) in D:\BIG_C\BJCBCPOS_Source\BJCBCPOS-V2.03.00-Dev\BJCBCPOS_Solution\BJCBCPOS_Model\hardware\PrinterToshiba.cs:line 118

18:00:03.0278  frmSale is Activate.
18:00:08.0724  frmSale is Activate.
18:00:09.3619  frmReceivePaymentPOD is Activate.
18:00:09.5289  Object reference not set to an instance of an object.
   at BJCBCPOS_Model.PrinterToshiba.clearDrawerListeners() in D:\BIG_C\BJCBCPOS_Source\BJCBCPOS-V2.03.00-Dev\BJCBCPOS_Solution\BJCBCPOS_Model\hardware\PrinterToshiba.cs:line 133

18:00:15.4149  frmReceivePaymentPOD is Activate.
18:00:17.9698  frmPayment_Load
18:00:18.2292  store procedure return error (ResponseCode = "300")
Response Message = N/A
Help Message = 
Application Desc = 

18:00:18.3542  after saleProcess.getAmountExchangeRate Method SummaryCashIn
18:00:18.3632  after saleProcess.getAmountExchangeRate Method SummaryCashIn res.response.next = true Start
18:00:18.3789  after saleProcess.getAmoSuntExchangeRate Method SummaryCashIn res.response.next = true End
18:00:18.8801  frmPayment is Activate.
18:00:28.7590  frmPayment is Activate.
18:01:26.3591  key section = setting, name = printername
18:01:26.3662  The given key was not present in the dictionary.
   at System.Collections.Generic.Dictionary`2.get_Item(TKey key)
   at BJCBCPOS_Model.INIConfig.getValue(ConfigKey key) in D:\BIG_C\BJCBCPOS_Source\BJCBCPOS-V2.03.00-Dev\BJCBCPOS_Solution\BJCBCPOS_Model\util\INIConfig.cs:line 73

18:01:26.7521  [Change connection string] Current connection string: Provider=SQLOLEDB;Server=172.28.4.36;Database=ESTORE;User Id=BIGAPP;Password=kzyyQ1_E@2sTW;Application Name=BJCBCPOS_Till003
18:01:27.1104  Store Return DevicePrinterABB = 2 (1 = HP, 2 = Toshiba)

18:01:27.1394  Initial Hardware with BCOPOSTOSHIBA.dll
18:01:27.1871  Could not load file or assembly 'Microsoft.PointOfService, Version=1.14.1.0, Culture=neutral, PublicKeyToken=31bf3856ad364e35' or one of its dependencies. The system cannot find the file specified.
   at BCOPOSTOSHIBA.clsOPOSTOSHIBA..ctor(String Key)
   at BJCBCPOS_Model.PrinterToshiba..ctor(String key) in D:\BIG_C\BJCBCPOS_Source\BJCBCPOS-V2.03.00-Dev\BJCBCPOS_Solution\BJCBCPOS_Model\hardware\PrinterToshiba.cs:line 49

18:01:28.6372  frmMonitorCustomer is Activate.
18:01:28.7503  frmMonitorCustomerFooter is Activate.
18:01:28.8613  frmMonitor2Detail is Activate.
18:01:29.5078  frmLogin is Activate.
18:01:37.2843  Object reference not set to an instance of an object.
   at BJCBCPOS_Model.PrinterToshiba.checkCashDrawer() in D:\BIG_C\BJCBCPOS_Source\BJCBCPOS-V2.03.00-Dev\BJCBCPOS_Solution\BJCBCPOS_Model\hardware\PrinterToshiba.cs:line 75

18:01:37.3732  Object reference not set to an instance of an object.
   at BJCBCPOS_Model.PrinterToshiba.checkPrinter() in D:\BIG_C\BJCBCPOS_Source\BJCBCPOS-V2.03.00-Dev\BJCBCPOS_Solution\BJCBCPOS_Model\hardware\PrinterToshiba.cs:line 149

18:01:38.1243  frmLogin is Activate.
18:01:38.7471  frmMainMenu is Activate.
18:01:39.4613  Call afterNotify False
18:01:39.7102  Object reference not set to an instance of an object.
   at BJCBCPOS_Model.PrinterToshiba.addDrawerListeners(DrawerListener listener) in D:\BIG_C\BJCBCPOS_Source\BJCBCPOS-V2.03.00-Dev\BJCBCPOS_Solution\BJCBCPOS_Model\hardware\PrinterToshiba.cs:line 118

18:01:40.1573  frmSale is Activate.
18:01:42.6664  frmReceivePaymentPOD is Activate.
18:01:42.8349  Object reference not set to an instance of an object.
   at BJCBCPOS_Model.PrinterToshiba.clearDrawerListeners() in D:\BIG_C\BJCBCPOS_Source\BJCBCPOS-V2.03.00-Dev\BJCBCPOS_Solution\BJCBCPOS_Model\hardware\PrinterToshiba.cs:line 133

18:03:23.5795  frmReceivePaymentPOD is Activate.
18:03:26.3760  frmPayment_Load
18:03:26.5719  store procedure return error (ResponseCode = "300")
Response Message = N/A
Help Message = 
Application Desc = 

18:03:26.7046  after saleProcess.getAmountExchangeRate Method SummaryCashIn
18:03:26.7141  after saleProcess.getAmountExchangeRate Method SummaryCashIn res.response.next = true Start
18:03:26.7299  after saleProcess.getAmoSuntExchangeRate Method SummaryCashIn res.response.next = true End
18:03:27.2047  frmPayment is Activate.
18:03:35.8164  frmReceivePaymentPOD is Activate.
18:03:37.7426  frmPayment_Load
18:03:37.9390  store procedure return error (ResponseCode = "300")
Response Message = N/A
Help Message = 
Application Desc = 

18:03:38.0496  after saleProcess.getAmountExchangeRate Method SummaryCashIn
18:03:38.0590  after saleProcess.getAmountExchangeRate Method SummaryCashIn res.response.next = true Start
18:03:38.0722  after saleProcess.getAmoSuntExchangeRate Method SummaryCashIn res.response.next = true End
18:03:38.5201  frmPayment is Activate.
18:03:39.4147  frmReceivePaymentPOD is Activate.
18:03:40.9822  frmPayment_Load
18:03:41.1558  store procedure return error (ResponseCode = "300")
Response Message = N/A
Help Message = 
Application Desc = 

18:03:41.2698  after saleProcess.getAmountExchangeRate Method SummaryCashIn
18:03:41.2808  after saleProcess.getAmountExchangeRate Method SummaryCashIn res.response.next = true Start
18:03:41.2923  after saleProcess.getAmoSuntExchangeRate Method SummaryCashIn res.response.next = true End
18:03:41.6537  frmPayment is Activate.
18:03:52.5558  frmPayment is Activate.
18:04:03.1127  frmReceivePaymentPOD is Activate.
18:04:03.5548  frmPayment_Load
18:04:04.2352  store procedure return error (ResponseCode = "300")
Response Message = N/A
Help Message = 
Application Desc = 

18:04:04.3593  after saleProcess.getAmountExchangeRate Method SummaryCashIn
18:04:04.3699  after saleProcess.getAmountExchangeRate Method SummaryCashIn res.response.next = true Start
18:04:04.3805  after saleProcess.getAmoSuntExchangeRate Method SummaryCashIn res.response.next = true End
18:04:04.8487  frmPayment is Activate.
18:04:48.6644  frmPayment is Activate.
23:41:02.7123  key section = setting, name = printername
23:41:02.7452  The given key was not present in the dictionary.
   at System.Collections.Generic.Dictionary`2.get_Item(TKey key)
   at BJCBCPOS_Model.INIConfig.getValue(ConfigKey key) in D:\BIG_C\BJCBCPOS_Source\BJCBCPOS-V2.03.00-Dev\BJCBCPOS_Solution\BJCBCPOS_Model\util\INIConfig.cs:line 73

23:41:04.2179  [Change connection string] Current connection string: Provider=SQLOLEDB;Server=172.28.4.36;Database=ESTORE;User Id=BIGAPP;Password=kzyyQ1_E@2sTW;Application Name=BJCBCPOS_Till003
23:41:04.4848  Store Return DevicePrinterABB = 2 (1 = HP, 2 = Toshiba)

23:41:04.4998  Initial Hardware with BCOPOSTOSHIBA.dll
23:41:04.5187  Could not load file or assembly 'Microsoft.PointOfService, Version=1.14.1.0, Culture=neutral, PublicKeyToken=31bf3856ad364e35' or one of its dependencies. The system cannot find the file specified.
   at BCOPOSTOSHIBA.clsOPOSTOSHIBA..ctor(String Key)
   at BJCBCPOS_Model.PrinterToshiba..ctor(String key) in D:\BIG_C\BJCBCPOS_Source\BJCBCPOS-V2.03.00-Dev\BJCBCPOS_Solution\BJCBCPOS_Model\hardware\PrinterToshiba.cs:line 49

23:41:05.3829  frmMonitorCustomer is Activate.
23:41:05.4039  frmMonitorCustomerFooter is Activate.
23:41:05.4238  frmMonitor2Detail is Activate.
23:41:05.7421  frmLogin is Activate.
23:41:14.4687  Object reference not set to an instance of an object.
   at BJCBCPOS_Model.PrinterToshiba.checkCashDrawer() in D:\BIG_C\BJCBCPOS_Source\BJCBCPOS-V2.03.00-Dev\BJCBCPOS_Solution\BJCBCPOS_Model\hardware\PrinterToshiba.cs:line 75

23:41:14.4840  Object reference not set to an instance of an object.
   at BJCBCPOS_Model.PrinterToshiba.checkPrinter() in D:\BIG_C\BJCBCPOS_Source\BJCBCPOS-V2.03.00-Dev\BJCBCPOS_Solution\BJCBCPOS_Model\hardware\PrinterToshiba.cs:line 149

23:41:16.1111  frmLogin is Activate.
23:41:16.4299  frmMainMenu is Activate.
23:41:17.4066  Call afterNotify False
23:41:17.5245  Object reference not set to an instance of an object.
   at BJCBCPOS_Model.PrinterToshiba.addDrawerListeners(DrawerListener listener) in D:\BIG_C\BJCBCPOS_Source\BJCBCPOS-V2.03.00-Dev\BJCBCPOS_Solution\BJCBCPOS_Model\hardware\PrinterToshiba.cs:line 118

23:41:17.8239  frmSale is Activate.
23:41:20.8288  frmReceivePaymentPOD is Activate.
23:41:20.9085  Object reference not set to an instance of an object.
   at BJCBCPOS_Model.PrinterToshiba.clearDrawerListeners() in D:\BIG_C\BJCBCPOS_Source\BJCBCPOS-V2.03.00-Dev\BJCBCPOS_Solution\BJCBCPOS_Model\hardware\PrinterToshiba.cs:line 133

23:41:29.4048  frmReceivePaymentPOD is Activate.
23:41:33.2174  frmPayment_Load
23:41:33.3581  store procedure return error (ResponseCode = "300")
Response Message = N/A
Help Message = 
Application Desc = 

23:41:33.4355  after saleProcess.getAmountExchangeRate Method SummaryCashIn
23:41:33.4375  after saleProcess.getAmountExchangeRate Method SummaryCashIn res.response.next = true Start
23:41:33.4415  after saleProcess.getAmoSuntExchangeRate Method SummaryCashIn res.response.next = true End
23:42:57.0591  store procedure return error (ResponseCode = "300")
Response Message = N/A
Help Message = 
Application Desc = 

23:42:57.0986  after saleProcess.getAmountExchangeRate Method SummaryCashIn
23:42:57.1006  after saleProcess.getAmountExchangeRate Method SummaryCashIn res.response.next = true Start
23:42:57.1045  after saleProcess.getAmoSuntExchangeRate Method SummaryCashIn res.response.next = true End
23:42:57.1075  after ucTxtAmountCash.Text
23:42:57.1095  after ucTxtAmountCash.Focus
23:42:57.1165  frmPayment is Activate.
